{"/home/runner/work/cse110-fa22-group5/cse110-fa22-group5/jestTesting/sum.js": {"path":"/home/runner/work/cse110-fa22-group5/cse110-fa22-group5/jestTesting/sum.js","statementMap":{"0":{"start":{"line":2,"column":2},"end":{"line":2,"column":15}},"1":{"start":{"line":4,"column":0},"end":{"line":4,"column":21}}},"fnMap":{"0":{"name":"sum","decl":{"start":{"line":1,"column":9},"end":{"line":1,"column":12}},"loc":{"start":{"line":1,"column":19},"end":{"line":3,"column":1}},"line":1}},"branchMap":{},"s":{"0":1,"1":1},"f":{"0":1},"b":{},"_coverageSchema":"1a1c01bbd47fc00a2c39e90264f33305004495a9","hash":"4e9d68d744960df2033515820648ad53a1eb3e52"}
,"/home/runner/work/cse110-fa22-group5/cse110-fa22-group5/source/scripts/noteStorage.js": {"path":"/home/runner/work/cse110-fa22-group5/cse110-fa22-group5/source/scripts/noteStorage.js","statementMap":{"0":{"start":{"line":1,"column":15},"end":{"line":1,"column":24}},"1":{"start":{"line":2,"column":26},"end":{"line":2,"column":35}},"2":{"start":{"line":10,"column":2},"end":{"line":32,"column":5}},"3":{"start":{"line":11,"column":4},"end":{"line":14,"column":5}},"4":{"start":{"line":12,"column":6},"end":{"line":12,"column":18}},"5":{"start":{"line":13,"column":6},"end":{"line":13,"column":13}},"6":{"start":{"line":15,"column":24},"end":{"line":15,"column":49}},"7":{"start":{"line":16,"column":4},"end":{"line":24,"column":6}},"8":{"start":{"line":18,"column":6},"end":{"line":18,"column":31}},"9":{"start":{"line":19,"column":26},"end":{"line":22,"column":8}},"10":{"start":{"line":23,"column":6},"end":{"line":23,"column":67}},"11":{"start":{"line":25,"column":4},"end":{"line":28,"column":6}},"12":{"start":{"line":26,"column":6},"end":{"line":26,"column":31}},"13":{"start":{"line":27,"column":6},"end":{"line":27,"column":18}},"14":{"start":{"line":29,"column":4},"end":{"line":31,"column":6}},"15":{"start":{"line":30,"column":6},"end":{"line":30,"column":77}},"16":{"start":{"line":41,"column":2},"end":{"line":64,"column":5}},"17":{"start":{"line":42,"column":24},"end":{"line":44,"column":37}},"18":{"start":{"line":45,"column":18},"end":{"line":45,"column":20}},"19":{"start":{"line":46,"column":28},"end":{"line":46,"column":52}},"20":{"start":{"line":47,"column":4},"end":{"line":56,"column":6}},"21":{"start":{"line":49,"column":21},"end":{"line":49,"column":40}},"22":{"start":{"line":50,"column":6},"end":{"line":55,"column":7}},"23":{"start":{"line":51,"column":8},"end":{"line":51,"column":33}},"24":{"start":{"line":52,"column":8},"end":{"line":52,"column":26}},"25":{"start":{"line":54,"column":8},"end":{"line":54,"column":23}},"26":{"start":{"line":57,"column":4},"end":{"line":63,"column":6}},"27":{"start":{"line":58,"column":6},"end":{"line":62,"column":8}},"28":{"start":{"line":74,"column":2},"end":{"line":85,"column":5}},"29":{"start":{"line":75,"column":24},"end":{"line":77,"column":37}},"30":{"start":{"line":78,"column":27},"end":{"line":78,"column":46}},"31":{"start":{"line":79,"column":4},"end":{"line":81,"column":6}},"32":{"start":{"line":80,"column":6},"end":{"line":80,"column":37}},"33":{"start":{"line":82,"column":4},"end":{"line":84,"column":6}},"34":{"start":{"line":83,"column":6},"end":{"line":83,"column":75}},"35":{"start":{"line":96,"column":2},"end":{"line":113,"column":3}},"36":{"start":{"line":97,"column":4},"end":{"line":112,"column":7}},"37":{"start":{"line":98,"column":26},"end":{"line":100,"column":39}},"38":{"start":{"line":101,"column":30},"end":{"line":101,"column":51}},"39":{"start":{"line":102,"column":6},"end":{"line":108,"column":8}},"40":{"start":{"line":103,"column":8},"end":{"line":105,"column":10}},"41":{"start":{"line":106,"column":8},"end":{"line":106,"column":44}},"42":{"start":{"line":107,"column":8},"end":{"line":107,"column":40}},"43":{"start":{"line":109,"column":6},"end":{"line":111,"column":8}},"44":{"start":{"line":110,"column":8},"end":{"line":110,"column":62}},"45":{"start":{"line":114,"column":2},"end":{"line":128,"column":5}},"46":{"start":{"line":115,"column":24},"end":{"line":117,"column":37}},"47":{"start":{"line":118,"column":28},"end":{"line":118,"column":49}},"48":{"start":{"line":119,"column":4},"end":{"line":124,"column":6}},"49":{"start":{"line":120,"column":6},"end":{"line":122,"column":8}},"50":{"start":{"line":123,"column":6},"end":{"line":123,"column":38}},"51":{"start":{"line":125,"column":4},"end":{"line":127,"column":6}},"52":{"start":{"line":126,"column":6},"end":{"line":126,"column":77}},"53":{"start":{"line":138,"column":2},"end":{"line":154,"column":5}},"54":{"start":{"line":139,"column":24},"end":{"line":141,"column":37}},"55":{"start":{"line":142,"column":30},"end":{"line":142,"column":59}},"56":{"start":{"line":143,"column":4},"end":{"line":148,"column":6}},"57":{"start":{"line":144,"column":6},"end":{"line":146,"column":8}},"58":{"start":{"line":147,"column":6},"end":{"line":147,"column":16}},"59":{"start":{"line":149,"column":4},"end":{"line":153,"column":6}},"60":{"start":{"line":150,"column":6},"end":{"line":152,"column":8}}},"fnMap":{"0":{"name":"initializeDB","decl":{"start":{"line":9,"column":16},"end":{"line":9,"column":28}},"loc":{"start":{"line":9,"column":40},"end":{"line":33,"column":1}},"line":9},"1":{"name":"(anonymous_1)","decl":{"start":{"line":10,"column":21},"end":{"line":10,"column":22}},"loc":{"start":{"line":10,"column":42},"end":{"line":32,"column":3}},"line":10},"2":{"name":"(anonymous_2)","decl":{"start":{"line":16,"column":34},"end":{"line":16,"column":35}},"loc":{"start":{"line":16,"column":45},"end":{"line":24,"column":5}},"line":16},"3":{"name":"(anonymous_3)","decl":{"start":{"line":25,"column":28},"end":{"line":25,"column":29}},"loc":{"start":{"line":25,"column":39},"end":{"line":28,"column":5}},"line":25},"4":{"name":"(anonymous_4)","decl":{"start":{"line":29,"column":26},"end":{"line":29,"column":27}},"loc":{"start":{"line":29,"column":37},"end":{"line":31,"column":5}},"line":29},"5":{"name":"getNotesFromStorage","decl":{"start":{"line":40,"column":16},"end":{"line":40,"column":35}},"loc":{"start":{"line":40,"column":46},"end":{"line":65,"column":1}},"line":40},"6":{"name":"(anonymous_6)","decl":{"start":{"line":41,"column":21},"end":{"line":41,"column":22}},"loc":{"start":{"line":41,"column":42},"end":{"line":64,"column":3}},"line":41},"7":{"name":"(anonymous_7)","decl":{"start":{"line":47,"column":32},"end":{"line":47,"column":33}},"loc":{"start":{"line":47,"column":43},"end":{"line":56,"column":5}},"line":47},"8":{"name":"(anonymous_8)","decl":{"start":{"line":57,"column":30},"end":{"line":57,"column":31}},"loc":{"start":{"line":57,"column":41},"end":{"line":63,"column":5}},"line":57},"9":{"name":"getNoteFromStorage","decl":{"start":{"line":73,"column":16},"end":{"line":73,"column":34}},"loc":{"start":{"line":73,"column":49},"end":{"line":86,"column":1}},"line":73},"10":{"name":"(anonymous_10)","decl":{"start":{"line":74,"column":21},"end":{"line":74,"column":22}},"loc":{"start":{"line":74,"column":42},"end":{"line":85,"column":3}},"line":74},"11":{"name":"(anonymous_11)","decl":{"start":{"line":79,"column":31},"end":{"line":79,"column":32}},"loc":{"start":{"line":79,"column":37},"end":{"line":81,"column":5}},"line":79},"12":{"name":"(anonymous_12)","decl":{"start":{"line":82,"column":29},"end":{"line":82,"column":30}},"loc":{"start":{"line":82,"column":35},"end":{"line":84,"column":5}},"line":82},"13":{"name":"saveNoteToStorage","decl":{"start":{"line":95,"column":16},"end":{"line":95,"column":33}},"loc":{"start":{"line":95,"column":50},"end":{"line":129,"column":1}},"line":95},"14":{"name":"(anonymous_14)","decl":{"start":{"line":97,"column":23},"end":{"line":97,"column":24}},"loc":{"start":{"line":97,"column":44},"end":{"line":112,"column":5}},"line":97},"15":{"name":"(anonymous_15)","decl":{"start":{"line":102,"column":34},"end":{"line":102,"column":35}},"loc":{"start":{"line":102,"column":40},"end":{"line":108,"column":7}},"line":102},"16":{"name":"(anonymous_16)","decl":{"start":{"line":109,"column":32},"end":{"line":109,"column":33}},"loc":{"start":{"line":109,"column":38},"end":{"line":111,"column":7}},"line":109},"17":{"name":"(anonymous_17)","decl":{"start":{"line":114,"column":21},"end":{"line":114,"column":22}},"loc":{"start":{"line":114,"column":42},"end":{"line":128,"column":3}},"line":114},"18":{"name":"(anonymous_18)","decl":{"start":{"line":119,"column":32},"end":{"line":119,"column":33}},"loc":{"start":{"line":119,"column":38},"end":{"line":124,"column":5}},"line":119},"19":{"name":"(anonymous_19)","decl":{"start":{"line":125,"column":30},"end":{"line":125,"column":31}},"loc":{"start":{"line":125,"column":36},"end":{"line":127,"column":5}},"line":125},"20":{"name":"deleteNoteFromStorage","decl":{"start":{"line":137,"column":16},"end":{"line":137,"column":37}},"loc":{"start":{"line":137,"column":54},"end":{"line":155,"column":1}},"line":137},"21":{"name":"(anonymous_21)","decl":{"start":{"line":138,"column":21},"end":{"line":138,"column":22}},"loc":{"start":{"line":138,"column":42},"end":{"line":154,"column":3}},"line":138},"22":{"name":"(anonymous_22)","decl":{"start":{"line":143,"column":34},"end":{"line":143,"column":35}},"loc":{"start":{"line":143,"column":40},"end":{"line":148,"column":5}},"line":143},"23":{"name":"(anonymous_23)","decl":{"start":{"line":149,"column":32},"end":{"line":149,"column":33}},"loc":{"start":{"line":149,"column":38},"end":{"line":153,"column":5}},"line":149}},"branchMap":{"0":{"loc":{"start":{"line":11,"column":4},"end":{"line":14,"column":5}},"type":"if","locations":[{"start":{"line":11,"column":4},"end":{"line":14,"column":5}},{"start":{},"end":{}}],"line":11},"1":{"loc":{"start":{"line":50,"column":6},"end":{"line":55,"column":7}},"type":"if","locations":[{"start":{"line":50,"column":6},"end":{"line":55,"column":7}},{"start":{"line":53,"column":13},"end":{"line":55,"column":7}}],"line":50},"2":{"loc":{"start":{"line":96,"column":2},"end":{"line":113,"column":3}},"type":"if","locations":[{"start":{"line":96,"column":2},"end":{"line":113,"column":3}},{"start":{},"end":{}}],"line":96}},"s":{"0":1,"1":1,"2":1,"3":1,"4":0,"5":0,"6":1,"7":1,"8":1,"9":1,"10":1,"11":1,"12":1,"13":1,"14":1,"15":0,"16":4,"17":4,"18":4,"19":4,"20":4,"21":17,"22":17,"23":13,"24":13,"25":4,"26":4,"27":0,"28":4,"29":4,"30":4,"31":4,"32":4,"33":4,"34":0,"35":8,"36":7,"37":7,"38":7,"39":7,"40":7,"41":7,"42":7,"43":7,"44":0,"45":1,"46":1,"47":1,"48":1,"49":1,"50":1,"51":1,"52":0,"53":9,"54":9,"55":9,"56":8,"57":8,"58":8,"59":8,"60":0},"f":{"0":1,"1":1,"2":1,"3":1,"4":0,"5":4,"6":4,"7":17,"8":0,"9":4,"10":4,"11":4,"12":0,"13":8,"14":7,"15":7,"16":0,"17":1,"18":1,"19":0,"20":9,"21":9,"22":8,"23":0},"b":{"0":[0,1],"1":[13,4],"2":[7,1]},"_coverageSchema":"1a1c01bbd47fc00a2c39e90264f33305004495a9","hash":"c4f54f91df799ee7002db7c274bc0c51ed127caa"}
}
