TN:
SF:jestTesting/sum.js
FN:1,sum
FNF:1
FNH:1
FNDA:1,sum
DA:2,1
DA:4,1
LF:2
LH:2
BRF:0
BRH:0
end_of_record
TN:
SF:source/scripts/noteStorage.js
FN:9,initializeDB
FN:10,(anonymous_1)
FN:16,(anonymous_2)
FN:25,(anonymous_3)
FN:29,(anonymous_4)
FN:40,getNotesFromStorage
FN:41,(anonymous_6)
FN:47,(anonymous_7)
FN:57,(anonymous_8)
FN:73,getNoteFromStorage
FN:74,(anonymous_10)
FN:79,(anonymous_11)
FN:82,(anonymous_12)
FN:95,saveNoteToStorage
FN:97,(anonymous_14)
FN:102,(anonymous_15)
FN:109,(anonymous_16)
FN:114,(anonymous_17)
FN:119,(anonymous_18)
FN:125,(anonymous_19)
FN:137,deleteNoteFromStorage
FN:138,(anonymous_21)
FN:143,(anonymous_22)
FN:149,(anonymous_23)
FNF:24
FNH:18
FNDA:1,initializeDB
FNDA:1,(anonymous_1)
FNDA:1,(anonymous_2)
FNDA:1,(anonymous_3)
FNDA:0,(anonymous_4)
FNDA:4,getNotesFromStorage
FNDA:4,(anonymous_6)
FNDA:17,(anonymous_7)
FNDA:0,(anonymous_8)
FNDA:4,getNoteFromStorage
FNDA:4,(anonymous_10)
FNDA:4,(anonymous_11)
FNDA:0,(anonymous_12)
FNDA:8,saveNoteToStorage
FNDA:7,(anonymous_14)
FNDA:7,(anonymous_15)
FNDA:0,(anonymous_16)
FNDA:1,(anonymous_17)
FNDA:1,(anonymous_18)
FNDA:0,(anonymous_19)
FNDA:9,deleteNoteFromStorage
FNDA:9,(anonymous_21)
FNDA:8,(anonymous_22)
FNDA:0,(anonymous_23)
DA:1,1
DA:2,1
DA:10,1
DA:11,1
DA:12,0
DA:13,0
DA:15,1
DA:16,1
DA:18,1
DA:19,1
DA:23,1
DA:25,1
DA:26,1
DA:27,1
DA:29,1
DA:30,0
DA:41,4
DA:42,4
DA:45,4
DA:46,4
DA:47,4
DA:49,17
DA:50,17
DA:51,13
DA:52,13
DA:54,4
DA:57,4
DA:58,0
DA:74,4
DA:75,4
DA:78,4
DA:79,4
DA:80,4
DA:82,4
DA:83,0
DA:96,8
DA:97,7
DA:98,7
DA:101,7
DA:102,7
DA:103,7
DA:106,7
DA:107,7
DA:109,7
DA:110,0
DA:114,1
DA:115,1
DA:118,1
DA:119,1
DA:120,1
DA:123,1
DA:125,1
DA:126,0
DA:138,9
DA:139,9
DA:142,9
DA:143,8
DA:144,8
DA:147,8
DA:149,8
DA:150,0
LF:61
LH:53
BRDA:11,0,0,0
BRDA:11,0,1,1
BRDA:50,1,0,13
BRDA:50,1,1,4
BRDA:96,2,0,7
BRDA:96,2,1,1
BRF:6
BRH:5
end_of_record
